2024-02-28 10:26:19:2619 info: Successfully logged in to the application
2024-02-28 10:26:19:2619 error: Invalid username or password entered
2024-02-28 10:26:34:2634 error: Invalid username or password entered
2024-02-28 10:26:34:2634 info: Successfully logged in to the application
2024-02-28 10:26:42:2642 error: Invalid username or password entered
2024-02-28 10:26:43:2643 info: Successfully logged in to the application
2024-02-28 10:57:46:5746 info: Successfully logged in to the application
2024-02-28 10:57:46:5746 info: Invalid username or password entered
2024-02-28 10:57:46:5746 info: Successfully logged in to the application
2024-02-28 10:57:46:5746 info: filter Selected
2024-02-28 10:57:47:5747 info: product added
2024-02-28 10:57:47:5747 info: Order Placed
2024-02-28 10:57:51:5751 info: Successfully logged in to the application
2024-02-28 10:57:51:5751 info: filter Selected
2024-02-28 10:57:52:5752 info: product added
2024-02-28 10:57:52:5752 info: Order Placed
2024-02-28 10:57:55:5755 info: Invalid username or password entered
2024-02-28 10:57:55:5755 info: Successfully logged in to the application
2024-02-28 10:57:57:5757 info: Successfully logged in to the application
2024-02-28 10:57:57:5757 info: filter Selected
2024-02-28 10:57:58:5758 info: product added
2024-02-28 10:58:00:580 info: Order Placed
2024-02-28 10:58:01:581 info: Invalid username or password entered
2024-02-28 10:58:01:581 info: Successfully logged in to the application
2024-02-28 10:58:20:5820 info: Successfully logged in to the application
2024-02-28 10:58:21:5821 info: Invalid username or password entered
2024-02-28 10:58:21:5821 info: Successfully logged in to the application
2024-02-28 10:58:21:5821 info: filter Selected
2024-02-28 10:58:21:5821 info: product added
2024-02-28 10:58:23:5823 info: Order Placed
2024-02-28 10:58:23:5823 info: Successfully logged in to the application
2024-02-28 10:58:23:5823 info: filter Selected
2024-02-28 10:58:23:5823 info: product added
2024-02-28 10:58:24:5824 info: Order Placed
2024-02-28 10:58:33:5833 info: Invalid username or password entered
2024-02-28 10:58:34:5834 info: Successfully logged in to the application
2024-02-28 10:58:36:5836 info: Successfully logged in to the application
2024-02-28 10:58:36:5836 info: filter Selected
2024-02-28 10:58:38:5838 info: product added
2024-02-28 10:58:39:5839 info: Successfully logged in to the application
2024-02-28 10:58:40:5840 info: Order Placed
2024-02-28 10:58:44:5844 info: Invalid username or password entered
2024-02-28 11:01:56:156 info: Successfully logged in to the application
2024-02-28 11:01:56:156 info: filter Selected
2024-02-28 11:01:56:156 info: product added
2024-02-28 11:01:57:157 info: Invalid username or password entered
2024-02-28 11:01:57:157 info: Order Placed
2024-02-28 11:01:57:157 info: Successfully logged in to the application
2024-02-28 11:02:00:20 info: Successfully logged in to the application
2024-02-28 11:02:00:20 info: filter Selected
2024-02-28 11:02:00:20 info: product added
2024-02-28 11:02:01:21 info: Order Placed
2024-02-28 11:02:07:27 info: Successfully logged in to the application
2024-02-28 11:02:08:28 info: filter Selected
2024-02-28 11:02:08:28 info: Successfully logged in to the application
2024-02-28 11:02:08:28 info: Invalid username or password entered
2024-02-28 11:02:09:29 info: product added
2024-02-28 11:02:11:211 info: Order Placed
2024-02-28 11:02:13:213 info: Successfully logged in to the application
2024-02-28 11:02:17:217 info: Invalid username or password entered
2024-02-28 11:08:03:83 info: Successfully logged in to the application
2024-02-28 11:08:03:83 info: filter Selected
2024-02-28 11:08:03:83 info: product added
2024-02-28 11:08:04:84 info: Successfully logged in to the application
2024-02-28 11:08:04:84 info: Invalid username or password entered
2024-02-28 11:08:04:84 info: Order Placed
2024-02-28 11:08:06:86 info: Successfully logged in to the application
2024-02-28 11:08:06:86 info: filter Selected
2024-02-28 11:08:06:86 info: product added
2024-02-28 11:08:07:87 info: Order Placed
2024-02-28 11:08:13:813 info: Successfully logged in to the application
2024-02-28 11:08:14:814 info: filter Selected
2024-02-28 11:08:14:814 info: Invalid username or password entered
2024-02-28 11:08:15:815 info: product added
2024-02-28 11:08:16:816 info: Successfully logged in to the application
2024-02-28 11:08:17:817 info: Order Placed
2024-02-28 11:08:17:817 info: Successfully logged in to the application
2024-02-28 11:08:21:821 info: Invalid username or password entered
2024-02-28 11:09:11:911 info: Invalid username or password entered
2024-02-28 11:09:11:911 info: Successfully logged in to the application
2024-02-28 11:09:11:911 info: filter Selected
2024-02-28 11:09:12:912 info: product added
2024-02-28 11:09:12:912 info: Successfully logged in to the application
2024-02-28 11:09:13:913 info: Order Placed
2024-02-28 11:09:15:915 info: Successfully logged in to the application
2024-02-28 11:09:15:915 info: filter Selected
2024-02-28 11:09:15:915 info: product added
2024-02-28 11:09:16:916 info: Order Placed
2024-02-28 11:09:22:922 info: Successfully logged in to the application
2024-02-28 11:09:22:922 info: filter Selected
2024-02-28 11:09:23:923 info: Successfully logged in to the application
2024-02-28 11:09:23:923 info: product added
2024-02-28 11:09:23:923 info: Invalid username or password entered
2024-02-28 11:09:26:926 info: Order Placed
2024-02-28 11:09:26:926 info: Successfully logged in to the application
2024-02-28 11:09:30:930 info: Invalid username or password entered
2024-02-28 11:12:11:1211 info: Successfully logged in to the application
2024-02-28 11:12:11:1211 info: filter Selected
2024-02-28 11:12:12:1212 info: product added
2024-02-28 11:12:12:1212 info: Invalid username or password entered
2024-02-28 11:12:12:1212 info: Successfully logged in to the application
2024-02-28 11:12:12:1212 info: Order Placed
2024-02-28 11:12:13:1213 info: Successfully logged in to the application
2024-02-28 11:12:14:1214 info: filter Selected
2024-02-28 11:12:14:1214 info: product added
2024-02-28 11:12:14:1214 info: Order Placed
2024-02-28 11:12:22:1222 info: Successfully logged in to the application
2024-02-28 11:12:22:1222 info: Successfully logged in to the application
2024-02-28 11:12:22:1222 info: filter Selected
2024-02-28 11:12:24:1224 info: Invalid username or password entered
2024-02-28 11:12:24:1224 info: product added
2024-02-28 11:12:26:1226 info: Successfully logged in to the application
2024-02-28 11:12:26:1226 info: Order Placed
2024-02-28 11:12:30:1230 info: Invalid username or password entered
2024-02-28 11:13:41:1341 info: Successfully logged in to the application
2024-02-28 11:13:41:1341 info: Successfully logged in to the application
2024-02-28 11:13:41:1341 info: filter Selected
2024-02-28 11:13:41:1341 info: Invalid username or password entered
2024-02-28 11:13:41:1341 info: product added
2024-02-28 11:13:42:1342 info: Order Placed
2024-02-28 11:13:45:1345 info: Successfully logged in to the application
2024-02-28 11:13:45:1345 info: filter Selected
2024-02-28 11:13:46:1346 info: product added
2024-02-28 11:13:46:1346 info: Order Placed
2024-02-28 11:13:53:1353 info: Invalid username or password entered
2024-02-28 11:13:54:1354 info: Successfully logged in to the application
2024-02-28 11:13:54:1354 info: Successfully logged in to the application
2024-02-28 11:13:54:1354 info: filter Selected
2024-02-28 11:13:55:1355 info: product added
2024-02-28 11:13:57:1357 info: Order Placed
2024-02-28 11:13:58:1358 info: Successfully logged in to the application
2024-02-28 11:14:01:141 info: Invalid username or password entered
